<?xml version="1.0" encoding="UTF-8"?>
<!-- Generated by org.testng.reporters.JUnitReportReporter -->
<testsuite hostname="Mehrdads-MBP.lan" failures="0" tests="1" name="org.MehrdadHassani.Android.eCommerce_tc_1" time="16.670" errors="0" timestamp="2023-11-26T16:25:29 PST" skipped="0">
  <testcase classname="org.MehrdadHassani.Android.eCommerce_tc_1" name="FillForm_ErrorValidation" time="16.670"/>
</testsuite> <!-- org.MehrdadHassani.Android.eCommerce_tc_1 -->
