<?xml version="1.0" encoding="UTF-8"?>
<!-- Generated by org.testng.reporters.JUnitReportReporter -->
<testsuite hostname="Mehrdads-MBP.lan" failures="0" tests="1" name="org.MehrdadHassani.ios.IOSBasics1" time="7.648" errors="0" timestamp="2023-11-26T17:32:04 PST" skipped="0">
  <testcase classname="org.MehrdadHassani.ios.IOSBasics1" name="IOSBasicTest1" time="7.648"/>
</testsuite> <!-- org.MehrdadHassani.ios.IOSBasics1 -->
