<?xml version="1.0" encoding="UTF-8"?>
<!-- Generated by org.testng.reporters.JUnitReportReporter -->
<testsuite hostname="Mehrdads-MBP.lan" failures="0" tests="1" name="org.MehrdadHassani.ios.IOSBasics" time="7.438" errors="0" timestamp="2023-11-26T10:55:24 PST" skipped="0">
  <testcase classname="org.MehrdadHassani.ios.IOSBasics" name="IOSBasicTest" time="7.438"/>
</testsuite> <!-- org.MehrdadHassani.ios.IOSBasics -->
