<?xml version="1.0" encoding="UTF-8"?>
<!-- Generated by org.testng.reporters.JUnitReportReporter -->
<testsuite hostname="Mehrdads-MBP.lan" failures="0" tests="1" name="org.MehrdadHassani.AppiumFramWorkDes2.eCommerce_tc_4_Hybrid" time="28.745" errors="0" timestamp="2023-11-19T13:48:51 PST" skipped="0">
  <testcase classname="org.MehrdadHassani.AppiumFramWorkDes2.eCommerce_tc_4_Hybrid" name="FillForm" time="28.745"/>
</testsuite> <!-- org.MehrdadHassani.AppiumFramWorkDes2.eCommerce_tc_4_Hybrid -->
