<?xml version="1.0" encoding="UTF-8"?>
<!-- Generated by org.testng.reporters.JUnitReportReporter -->
<testsuite hostname="Mehrdads-MBP.lan" failures="0" tests="1" name="org.MehrdadHassani.Android.eCommerce_tc_4_Hybrid" time="18.711" errors="0" timestamp="2023-11-26T16:37:31 PST" skipped="0">
  <testcase classname="org.MehrdadHassani.Android.eCommerce_tc_4_Hybrid" name="FillForm" time="18.711"/>
</testsuite> <!-- org.MehrdadHassani.Android.eCommerce_tc_4_Hybrid -->
