<?xml version="1.0" encoding="UTF-8"?>
<!-- Generated by org.testng.reporters.JUnitReportReporter -->
<testsuite hostname="Mehrdads-MBP.lan" failures="0" tests="1" name="org.MehrdadHassani.ios.IOSBasics2" time="9.029" errors="0" timestamp="2023-11-26T16:37:31 PST" skipped="0">
  <testcase classname="org.MehrdadHassani.ios.IOSBasics2" name="IOSBasicTest2" time="9.029"/>
</testsuite> <!-- org.MehrdadHassani.ios.IOSBasics2 -->
