<?xml version="1.0" encoding="UTF-8"?>
<!-- Generated by org.testng.reporters.JUnitReportReporter -->
<testsuite hostname="Mehrdads-MBP.lan" failures="0" tests="1" name="org.MehrdadHassani.Android.eCommerce_tc_1" time="18.679" errors="0" timestamp="2023-11-26T16:37:31 PST" skipped="0">
  <testcase classname="org.MehrdadHassani.Android.eCommerce_tc_1" name="FillForm_ErrorValidation" time="18.679"/>
</testsuite> <!-- org.MehrdadHassani.Android.eCommerce_tc_1 -->
